<?xml version="1.0" encoding="UTF-8"?>
<!-- Generated by org.testng.reporters.JUnitXMLReporter -->
<testsuite ignored="0" hostname="DESKTOP-8K5L6MP" failures="1" tests="3" name="Test" time="100.229" errors="0" timestamp="2024-07-31T14:48:51 IST">
  <testcase classname="Task.Create_Organization" name="createOrganization" time="22.978"/>
  <testcase classname="Task.Create_OrganizationWithIndustry" name="createOrganizationWithIndustry" time="21.956">
    <failure type="java.lang.AssertionError" message="expected [true] but found [false]">
      <![CDATA[java.lang.AssertionError: expected [true] but found [false]
at Task.Create_OrganizationWithIndustry.createOrganizationWithIndustry(Create_OrganizationWithIndustry.java:38)
at java.base/java.util.ArrayList.forEach(ArrayList.java:1511)
... Removed 31 stack frames]]>
    </failure>
  </testcase> <!-- createOrganizationWithIndustry -->
  <testcase classname="Task.Create_Contacts_WithDate" name="createContact" time="21.191"/>
</testsuite> <!-- Test -->
